<?xml version="1.0" encoding="UTF-8"?>
<!-- Generated by org.testng.reporters.JUnitReportReporter -->
<testsuite hostname="Lenovo-Ideapad" failures="0" tests="4" name="api.test.UserTests" time="9.087" errors="0" timestamp="2025-03-06T23:46:01 IST" skipped="0">
  <testcase classname="api.test.UserTests" name="testPostUser" time="4.062"/>
  <system-out/>
  <testcase classname="api.test.UserTests" name="testGetUserByName" time="1.312"/>
  <system-out/>
  <testcase classname="api.test.UserTests" name="updateUserByName" time="2.528"/>
  <system-out/>
  <testcase classname="api.test.UserTests" name="deleteUserByName" time="1.185"/>
  <system-out/>
</testsuite> <!-- api.test.UserTests -->
